o:\projects\coding\gpu game of life\gpu_gameoflife\x64\debug\vc142.pdb
o:\projects\coding\gpu game of life\gpu_gameoflife\x64\debug\vc142.idb
o:\projects\coding\gpu game of life\gpu_gameoflife\x64\debug\game.obj
x64\debug\kernel.cu.obj
o:\projects\coding\gpu game of life\gpu_gameoflife\x64\debug\gpu_gameoflife.lib
o:\projects\coding\gpu game of life\gpu_gameoflife\x64\debug\gpu_gameoflife.exp
o:\projects\coding\gpu game of life\gpu_gameoflife\x64\debug\kernel.c.cache
o:\projects\coding\gpu game of life\gpu_gameoflife\x64\debug\kernel.cu.cache
o:\projects\coding\gpu game of life\gpu_gameoflife\x64\debug\kernel.c.obj
o:\projects\coding\gpu game of life\gpu_gameoflife\x64\debug\kernel.cu.obj
o:\projects\coding\gpu game of life\gpu_gameoflife\x64\debug\gpu_gameoflife.tlog\cl.command.1.tlog
o:\projects\coding\gpu game of life\gpu_gameoflife\x64\debug\gpu_gameoflife.tlog\cl.read.1.tlog
o:\projects\coding\gpu game of life\gpu_gameoflife\x64\debug\gpu_gameoflife.tlog\cl.write.1.tlog
o:\projects\coding\gpu game of life\gpu_gameoflife\x64\debug\gpu_gameoflife.tlog\cudacompile.read.1u.tlog
o:\projects\coding\gpu game of life\gpu_gameoflife\x64\debug\gpu_gameoflife.tlog\cudacompile.write.1u.tlog
o:\projects\coding\gpu game of life\gpu_gameoflife\x64\debug\gpu_gameoflife.tlog\gpu_gameoflife.write.1u.tlog
o:\projects\coding\gpu game of life\gpu_gameoflife\x64\debug\gpu_gameoflife.tlog\link-cvtres.read.1.tlog
o:\projects\coding\gpu game of life\gpu_gameoflife\x64\debug\gpu_gameoflife.tlog\link-cvtres.write.1.tlog
o:\projects\coding\gpu game of life\gpu_gameoflife\x64\debug\gpu_gameoflife.tlog\link-rc.read.1.tlog
o:\projects\coding\gpu game of life\gpu_gameoflife\x64\debug\gpu_gameoflife.tlog\link-rc.write.1.tlog
o:\projects\coding\gpu game of life\gpu_gameoflife\x64\debug\gpu_gameoflife.tlog\link.13192-cvtres.read.1.tlog
o:\projects\coding\gpu game of life\gpu_gameoflife\x64\debug\gpu_gameoflife.tlog\link.13192-cvtres.write.1.tlog
o:\projects\coding\gpu game of life\gpu_gameoflife\x64\debug\gpu_gameoflife.tlog\link.13192-rc.read.1.tlog
o:\projects\coding\gpu game of life\gpu_gameoflife\x64\debug\gpu_gameoflife.tlog\link.13192-rc.write.1.tlog
o:\projects\coding\gpu game of life\gpu_gameoflife\x64\debug\gpu_gameoflife.tlog\link.13192.read.1.tlog
o:\projects\coding\gpu game of life\gpu_gameoflife\x64\debug\gpu_gameoflife.tlog\link.13192.write.1.tlog
o:\projects\coding\gpu game of life\gpu_gameoflife\x64\debug\gpu_gameoflife.tlog\link.command.1.tlog
o:\projects\coding\gpu game of life\gpu_gameoflife\x64\debug\gpu_gameoflife.tlog\link.read.1.tlog
o:\projects\coding\gpu game of life\gpu_gameoflife\x64\debug\gpu_gameoflife.tlog\link.write.1.tlog
